# JRE version: Java(TM) SE Runtime Environment (7.0_79-b15) (build 1.7.0_79-b15)
# Java VM: Java HotSpot(TM) Client VM (24.79-b02 mixed mode windows-x86 )
Heap
 def new generation   total 142784K, used 115408K [0x03800000, 0x0d2e0000, 0x18d50000)
  eden space 126976K,  78% used [0x03800000, 0x099442f0, 0x0b400000)
  from space 15808K, 100% used [0x0c370000, 0x0d2e0000, 0x0d2e0000)
  to   space 15808K,   0% used [0x0b400000, 0x0b400000, 0x0c370000)
 tenured generation   total 317072K, used 191783K [0x18d50000, 0x2c2f4000, 0x43800000)
   the space 317072K,  60% used [0x18d50000, 0x24899e68, 0x2489a000, 0x2c2f4000)
 compacting perm gen  total 148224K, used 148223K [0x43800000, 0x4c8c0000, 0x53800000)
   the space 148224K,  99% used [0x43800000, 0x4c8bfff8, 0x4c8c0000, 0x4c8c0000)
GC Heap History (10 events):
Event: 22049.796 GC heap after
Heap after GC invocations=374 (full 82):
 def new generation   total 127872K, used 0K [0x03800000, 0x0c2c0000, 0x18d50000)
  eden space 113664K,   0% used [0x03800000, 0x03800000, 0x0a700000)
  from space 14208K,   0% used [0x0a700000, 0x0a700000, 0x0b4e0000)
  to   space 14208K,   0% used [0x0b4e0000, 0x0b4e0000, 0x0c2c0000)
 tenured generation   total 284028K, used 170414K [0x18d50000, 0x2a2af000, 0x43800000)
   the space 284028K,  59% used [0x18d50000, 0x233bbb68, 0x233bbc00, 0x2a2af000)
 compacting perm gen  total 140032K, used 140031K [0x43800000, 0x4c0c0000, 0x53800000)
   the space 140032K,  99% used [0x43800000, 0x4c0bfff0, 0x4c0c0000, 0x4c0c0000)
No shared spaces configured.
}
Event: 22050.656 GC heap before
{Heap before GC invocations=374 (full 82):
 def new generation   total 127872K, used 113664K [0x03800000, 0x0c2c0000, 0x18d50000)
  eden space 113664K, 100% used [0x03800000, 0x0a700000, 0x0a700000)
  from space 14208K,   0% used [0x0a700000, 0x0a700000, 0x0b4e0000)
  to   space 14208K,   0% used [0x0b4e0000, 0x0b4e0000, 0x0c2c0000)
 tenured generation   total 284028K, used 170414K [0x18d50000, 0x2a2af000, 0x43800000)
   the space 284028K,  59% used [0x18d50000, 0x233bbb68, 0x233bbc00, 0x2a2af000)
 compacting perm gen  total 141312K, used 141288K [0x43800000, 0x4c200000, 0x53800000)
   the space 141312K,  99% used [0x43800000, 0x4c1fa258, 0x4c1fa400, 0x4c200000)
No shared spaces configured.
Event: 22050.762 GC heap after
Heap after GC invocations=375 (full 82):
 def new generation   total 127872K, used 13270K [0x03800000, 0x0c2c0000, 0x18d50000)
  eden space 113664K,   0% used [0x03800000, 0x03800000, 0x0a700000)
  from space 14208K,  93% used [0x0b4e0000, 0x0c1d58a8, 0x0c2c0000)
  to   space 14208K,   0% used [0x0a700000, 0x0a700000, 0x0b4e0000)
 tenured generation   total 284028K, used 170414K [0x18d50000, 0x2a2af000, 0x43800000)
   the space 284028K,  59% used [0x18d50000, 0x233bbb68, 0x233bbc00, 0x2a2af000)
 compacting perm gen  total 141312K, used 141288K [0x43800000, 0x4c200000, 0x53800000)
   the space 141312K,  99% used [0x43800000, 0x4c1fa258, 0x4c1fa400, 0x4c200000)
No shared spaces configured.
}
Event: 22118.295 GC heap before
{Heap before GC invocations=375 (full 82):
 def new generation   total 127872K, used 126934K [0x03800000, 0x0c2c0000, 0x18d50000)
  eden space 113664K, 100% used [0x03800000, 0x0a700000, 0x0a700000)
  from space 14208K,  93% used [0x0b4e0000, 0x0c1d58a8, 0x0c2c0000)
  to   space 14208K,   0% used [0x0a700000, 0x0a700000, 0x0b4e0000)
 tenured generation   total 284028K, used 170414K [0x18d50000, 0x2a2af000, 0x43800000)
   the space 284028K,  59% used [0x18d50000, 0x233bbb68, 0x233bbc00, 0x2a2af000)
 compacting perm gen  total 142336K, used 142270K [0x43800000, 0x4c300000, 0x53800000)
   the space 142336K,  99% used [0x43800000, 0x4c2efac0, 0x4c2efc00, 0x4c300000)
No shared spaces configured.
Event: 22118.715 GC heap after
Heap after GC invocations=376 (full 82):
 def new generation   total 127872K, used 7466K [0x03800000, 0x0c2c0000, 0x18d50000)
  eden space 113664K,   0% used [0x03800000, 0x03800000, 0x0a700000)
  from space 14208K,  52% used [0x0a700000, 0x0ae4a8c0, 0x0b4e0000)
  to   space 14208K,   0% used [0x0b4e0000, 0x0b4e0000, 0x0c2c0000)
 tenured generation   total 284028K, used 182786K [0x18d50000, 0x2a2af000, 0x43800000)
   the space 284028K,  64% used [0x18d50000, 0x23fd0878, 0x23fd0a00, 0x2a2af000)
 compacting perm gen  total 142336K, used 142270K [0x43800000, 0x4c300000, 0x53800000)
   the space 142336K,  99% used [0x43800000, 0x4c2efac0, 0x4c2efc00, 0x4c300000)
No shared spaces configured.
}
Event: 22119.767 GC heap before
{Heap before GC invocations=376 (full 82):
 def new generation   total 127872K, used 78990K [0x03800000, 0x0c2c0000, 0x18d50000)
  eden space 113664K,  62% used [0x03800000, 0x07dd9080, 0x0a700000)
  from space 14208K,  52% used [0x0a700000, 0x0ae4a8c0, 0x0b4e0000)
  to   space 14208K,   0% used [0x0b4e0000, 0x0b4e0000, 0x0c2c0000)
 tenured generation   total 284028K, used 182786K [0x18d50000, 0x2a2af000, 0x43800000)
   the space 284028K,  64% used [0x18d50000, 0x23fd0878, 0x23fd0a00, 0x2a2af000)
 compacting perm gen  total 144128K, used 144127K [0x43800000, 0x4c4c0000, 0x53800000)
   the space 144128K,  99% used [0x43800000, 0x4c4bffb0, 0x4c4c0000, 0x4c4c0000)
No shared spaces configured.
Event: 22120.546 GC heap after
Heap after GC invocations=377 (full 83):
 def new generation   total 142784K, used 0K [0x03800000, 0x0d2e0000, 0x18d50000)
  eden space 126976K,   0% used [0x03800000, 0x03800000, 0x0b400000)
  from space 15808K,   0% used [0x0b400000, 0x0b400000, 0x0c370000)
  to   space 15808K,   0% used [0x0c370000, 0x0c370000, 0x0d2e0000)
 tenured generation   total 317072K, used 190241K [0x18d50000, 0x2c2f4000, 0x43800000)
   the space 317072K,  59% used [0x18d50000, 0x24718508, 0x24718600, 0x2c2f4000)
 compacting perm gen  total 144128K, used 144127K [0x43800000, 0x4c4c0000, 0x53800000)
   the space 144128K,  99% used [0x43800000, 0x4c4bffb0, 0x4c4c0000, 0x4c4c0000)
No shared spaces configured.
}
Event: 22122.413 GC heap before
{Heap before GC invocations=377 (full 83):
 def new generation   total 142784K, used 126976K [0x03800000, 0x0d2e0000, 0x18d50000)
  eden space 126976K, 100% used [0x03800000, 0x0b400000, 0x0b400000)
  from space 15808K,   0% used [0x0b400000, 0x0b400000, 0x0c370000)
  to   space 15808K,   0% used [0x0c370000, 0x0c370000, 0x0d2e0000)
 tenured generation   total 317072K, used 190241K [0x18d50000, 0x2c2f4000, 0x43800000)
   the space 317072K,  59% used [0x18d50000, 0x24718508, 0x24718600, 0x2c2f4000)
 compacting perm gen  total 147456K, used 147389K [0x43800000, 0x4c800000, 0x53800000)
   the space 147456K,  99% used [0x43800000, 0x4c7ef598, 0x4c7ef600, 0x4c800000)
No shared spaces configured.
Event: 22122.523 GC heap after
Heap after GC invocations=378 (full 83):
 def new generation   total 142784K, used 15808K [0x03800000, 0x0d2e0000, 0x18d50000)
  eden space 126976K,   0% used [0x03800000, 0x03800000, 0x0b400000)
  from space 15808K, 100% used [0x0c370000, 0x0d2e0000, 0x0d2e0000)
  to   space 15808K,   0% used [0x0b400000, 0x0b400000, 0x0c370000)
 tenured generation   total 317072K, used 191783K [0x18d50000, 0x2c2f4000, 0x43800000)
   the space 317072K,  60% used [0x18d50000, 0x24899e68, 0x2489a000, 0x2c2f4000)
 compacting perm gen  total 147456K, used 147389K [0x43800000, 0x4c800000, 0x53800000)
   the space 147456K,  99% used [0x43800000, 0x4c7ef598, 0x4c7ef600, 0x4c800000)
No shared spaces configured.
}
Event: 22126.261 GC heap before
{Heap before GC invocations=378 (full 83):
 def new generation   total 142784K, used 115408K [0x03800000, 0x0d2e0000, 0x18d50000)
  eden space 126976K,  78% used [0x03800000, 0x099442f0, 0x0b400000)
  from space 15808K, 100% used [0x0c370000, 0x0d2e0000, 0x0d2e0000)
  to   space 15808K,   0% used [0x0b400000, 0x0b400000, 0x0c370000)
 tenured generation   total 317072K, used 191783K [0x18d50000, 0x2c2f4000, 0x43800000)
   the space 317072K,  60% used [0x18d50000, 0x24899e68, 0x2489a000, 0x2c2f4000)
 compacting perm gen  total 148224K, used 148223K [0x43800000, 0x4c8c0000, 0x53800000)
   the space 148224K,  99% used [0x43800000, 0x4c8bfff8, 0x4c8c0000, 0x4c8c0000)
No shared spaces configured.

